2023-08-06 01:19:08.869143 - Initialized conversion of CBT136
2023-08-06 01:19:09.294179 - Received CBT.V505.FILE136.PDS from FILE136.XMI 
2023-08-06 01:19:09.296740 - Found $$$#DATE.txt (text/plain) in CBT.V505.FILE136.PDS, moved to PDS/$$$#DATE
2023-08-06 01:19:09.297870 - Found $INDEX.txt (text/plain) in CBT.V505.FILE136.PDS, moved to PDS/$INDEX
2023-08-06 01:19:09.298820 - Found @FILE136.txt (text/plain) in CBT.V505.FILE136.PDS, moved to PDS/@FILE136
2023-08-06 01:19:09.299833 - Found AAHLXXX.txt (text/plain) in CBT.V505.FILE136.PDS, moved to PDS/AAHLXXX
2023-08-06 01:19:09.300998 - Found ADFHXXX.txt (text/plain) in CBT.V505.FILE136.PDS, moved to PDS/ADFHXXX
2023-08-06 01:19:09.302009 - Found AFNMXXX.jcl (text/plain) in CBT.V505.FILE136.PDS, moved to PDS/AFNMXXX
2023-08-06 01:19:09.302984 - Found AIEAXXX.txt (text/plain) in CBT.V505.FILE136.PDS, moved to PDS/AIEAXXX
2023-08-06 01:19:09.303892 - Found AIEEXXX.txt (text/plain) in CBT.V505.FILE136.PDS, moved to PDS/AIEEXXX
2023-08-06 01:19:09.304829 - Found APLCAMS.txt (text/plain) in CBT.V505.FILE136.PDS, moved to PDS/APLCAMS
2023-08-06 01:19:09.305821 - Found APUT.txt (text/plain) in CBT.V505.FILE136.PDS, moved to PDS/APUT
2023-08-06 01:19:09.306827 - Found ASID.txt (text/plain) in CBT.V505.FILE136.PDS, moved to PDS/ASID
2023-08-06 01:19:09.307833 - Found BANNER.txt (text/plain) in CBT.V505.FILE136.PDS, moved to PDS/BANNER
2023-08-06 01:19:09.308810 - Found BRODSCAN.txt (text/plain) in CBT.V505.FILE136.PDS, moved to PDS/BRODSCAN
2023-08-06 01:19:09.309863 - Found BRODSCOL.txt (text/plain) in CBT.V505.FILE136.PDS, moved to PDS/BRODSCOL
2023-08-06 01:19:09.310863 - Found CARTCOPY.txt (text/plain) in CBT.V505.FILE136.PDS, moved to PDS/CARTCOPY
2023-08-06 01:19:09.311851 - Found CARTPROC.txt (text/plain) in CBT.V505.FILE136.PDS, moved to PDS/CARTPROC
2023-08-06 01:19:09.312905 - Found CONSOLE.txt (text/plain) in CBT.V505.FILE136.PDS, moved to PDS/CONSOLE
2023-08-06 01:19:09.313861 - Found CPPL.txt (text/plain) in CBT.V505.FILE136.PDS, moved to PDS/CPPL
2023-08-06 01:19:09.314900 - Found CSPL.txt (text/plain) in CBT.V505.FILE136.PDS, moved to PDS/CSPL
2023-08-06 01:19:09.315864 - Found DATECONV.txt (text/plain) in CBT.V505.FILE136.PDS, moved to PDS/DATECONV
2023-08-06 01:19:09.316874 - Found DRDROID.jcl (text/plain) in CBT.V505.FILE136.PDS, moved to PDS/DRDROID
2023-08-06 01:19:09.317835 - Found ENTER.txt (text/plain) in CBT.V505.FILE136.PDS, moved to PDS/ENTER
2023-08-06 01:19:09.318796 - Found EPUTL.txt (text/plain) in CBT.V505.FILE136.PDS, moved to PDS/EPUTL
2023-08-06 01:19:09.319694 - Found EPUTL$.jcl (text/plain) in CBT.V505.FILE136.PDS, moved to PDS/EPUTL$
2023-08-06 01:19:09.320572 - Found EPUTLO.txt (text/plain) in CBT.V505.FILE136.PDS, moved to PDS/EPUTLO
2023-08-06 01:19:09.321438 - Found EPUTL01.txt (text/plain) in CBT.V505.FILE136.PDS, moved to PDS/EPUTL01
2023-08-06 01:19:09.322429 - Found HMDCHRON.txt (text/plain) in CBT.V505.FILE136.PDS, moved to PDS/HMDCHRON
2023-08-06 01:19:09.323303 - Found HMDTIME.txt (text/plain) in CBT.V505.FILE136.PDS, moved to PDS/HMDTIME
2023-08-06 01:19:09.324171 - Found HTIME.txt (text/plain) in CBT.V505.FILE136.PDS, moved to PDS/HTIME
2023-08-06 01:19:09.325059 - Found IKJEFF10.txt (text/plain) in CBT.V505.FILE136.PDS, moved to PDS/IKJEFF10
2023-08-06 01:19:09.326014 - Found INMXZ02.txt (text/plain) in CBT.V505.FILE136.PDS, moved to PDS/INMXZ02
2023-08-06 01:19:09.326881 - Found INUSE.txt (text/plain) in CBT.V505.FILE136.PDS, moved to PDS/INUSE
2023-08-06 01:19:09.327731 - Found IOPL.txt (text/plain) in CBT.V505.FILE136.PDS, moved to PDS/IOPL
2023-08-06 01:19:09.328731 - Found JULGREG.txt (text/plain) in CBT.V505.FILE136.PDS, moved to PDS/JULGREG
2023-08-06 01:19:09.329713 - Found LDROP.txt (text/plain) in CBT.V505.FILE136.PDS, moved to PDS/LDROP
2023-08-06 01:19:09.330632 - Found LEAVE.txt (text/plain) in CBT.V505.FILE136.PDS, moved to PDS/LEAVE
2023-08-06 01:19:09.331604 - Found LSPACE.txt (text/plain) in CBT.V505.FILE136.PDS, moved to PDS/LSPACE
2023-08-06 01:19:09.332497 - Found LSPHELP.txt (text/plain) in CBT.V505.FILE136.PDS, moved to PDS/LSPHELP
2023-08-06 01:19:09.333373 - Found LUSE.txt (text/plain) in CBT.V505.FILE136.PDS, moved to PDS/LUSE
2023-08-06 01:19:09.334360 - Found NEWVOL.txt (text/plain) in CBT.V505.FILE136.PDS, moved to PDS/NEWVOL
2023-08-06 01:19:09.335321 - Found PDFINIT.txt (text/plain) in CBT.V505.FILE136.PDS, moved to PDS/PDFINIT
2023-08-06 01:19:09.336187 - Found PPL.txt (text/plain) in CBT.V505.FILE136.PDS, moved to PDS/PPL
2023-08-06 01:19:09.337210 - Found REGS.txt (text/plain) in CBT.V505.FILE136.PDS, moved to PDS/REGS
2023-08-06 01:19:09.338188 - Found SETUSER.txt (text/plain) in CBT.V505.FILE136.PDS, moved to PDS/SETUSER
2023-08-06 01:19:09.339174 - Found TAPESCAN.txt (text/plain) in CBT.V505.FILE136.PDS, moved to PDS/TAPESCAN
2023-08-06 01:19:09.340049 - Found TAPESDOC.txt (text/plain) in CBT.V505.FILE136.PDS, moved to PDS/TAPESDOC
2023-08-06 01:19:09.340936 - Found TSOENTER.txt (text/plain) in CBT.V505.FILE136.PDS, moved to PDS/TSOENTER
2023-08-06 01:19:09.341911 - Found TSOLEAVE.txt (text/plain) in CBT.V505.FILE136.PDS, moved to PDS/TSOLEAVE
2023-08-06 01:19:09.342890 - Found WRU.txt (text/plain) in CBT.V505.FILE136.PDS, moved to PDS/WRU
2023-08-06 01:19:09.343787 - Found XABSM.txt (text/plain) in CBT.V505.FILE136.PDS, moved to PDS/XABSM
